0 info it worked if it ends with ok
1 verbose cli [ 'E:\\nodejs\\\\node.exe',
1 verbose cli   'E:\\nodejs\\node_modules\\npm\\bin\\npm-cli.js',
1 verbose cli   'install' ]
2 info using npm@2.4.1
3 info using node@v0.10.36
4 verbose node symlink E:\nodejs\\node.exe
5 error install Couldn't read dependencies
6 verbose stack Error: Invalid version: "1"
6 verbose stack     at Object.module.exports.fixVersionField (E:\nodejs\node_modules\npm\node_modules\normalize-package-data\lib\fixer.js:190:13)
6 verbose stack     at E:\nodejs\node_modules\npm\node_modules\normalize-package-data\lib\normalize.js:30:38
6 verbose stack     at Array.forEach (native)
6 verbose stack     at normalize (E:\nodejs\node_modules\npm\node_modules\normalize-package-data\lib\normalize.js:29:15)
6 verbose stack     at final (E:\nodejs\node_modules\npm\node_modules\read-package-json\read-json.js:342:33)
6 verbose stack     at then (E:\nodejs\node_modules\npm\node_modules\read-package-json\read-json.js:126:33)
6 verbose stack     at E:\nodejs\node_modules\npm\node_modules\read-package-json\read-json.js:316:48
6 verbose stack     at evalmachine.<anonymous>:208:20
6 verbose stack     at OpenReq.Req.done (E:\nodejs\node_modules\npm\node_modules\graceful-fs\graceful-fs.js:141:5)
6 verbose stack     at OpenReq.done (E:\nodejs\node_modules\npm\node_modules\graceful-fs\graceful-fs.js:61:22)
7 verbose cwd D:\github\node-test\project
8 error Windows_NT 6.1.7601
9 error argv "E:\\nodejs\\\\node.exe" "E:\\nodejs\\node_modules\\npm\\bin\\npm-cli.js" "install"
10 error node v0.10.36
11 error npm  v2.4.1
12 error Invalid version: "1"
13 error If you need help, you may report this error at:
13 error     <http://github.com/npm/npm/issues>
14 verbose exit [ 1, true ]
